<?xml version="1.0" encoding="UTF-8"?>
<!-- Generated by org.testng.reporters.JUnitReportReporter -->
<testsuite skipped="0" hostname="Saifuls-MacBook-Pro.local" name="com.qa.TestCases.LoginToSauce" tests="1" failures="0" timestamp="20 Mar 2020 05:02:47 GMT" time="16.192" errors="0">
  <testcase name="LoginApp" time="16.192" classname="com.qa.TestCases.LoginToSauce"/>
</testsuite> <!-- com.qa.TestCases.LoginToSauce -->
